This is pdfTeX, Version 3.14159265-2.6-1.40.20 (MiKTeX 2.9.7000 64-bit) (preloaded format=pdflatex 2019.10.22)  22 OCT 2019 19:32
entering extended mode
**"./bibliografia articulo cientifico.tex"
("bibliografia articulo cientifico.tex"
LaTeX2e <2019-10-01> patch level 1
("C:\Users\Usuario\Desktop\MIKTEK\MITEK 2\tex/latex/base\article.cls"
Document Class: article 2019/08/27 v1.4j Standard LaTeX document class
("C:\Users\Usuario\Desktop\MIKTEK\MITEK 2\tex/latex/base\size10.clo"
File: size10.clo 2019/08/27 v1.4j Standard LaTeX file (size option)
)
\c@part=\count80
\c@section=\count81
\c@subsection=\count82
\c@subsubsection=\count83
\c@paragraph=\count84
\c@subparagraph=\count85
\c@figure=\count86
\c@table=\count87
\abovecaptionskip=\skip41
\belowcaptionskip=\skip42
\bibindent=\dimen102
)
No file "bibliografia articulo cientifico".aux.
\openout1 = `"bibliografia articulo cientifico.aux"'.

LaTeX Font Info:    Checking defaults for OML/cmm/m/it on input line 2.
LaTeX Font Info:    ... okay on input line 2.
LaTeX Font Info:    Checking defaults for T1/cmr/m/n on input line 2.
LaTeX Font Info:    ... okay on input line 2.
LaTeX Font Info:    Checking defaults for OT1/cmr/m/n on input line 2.
LaTeX Font Info:    ... okay on input line 2.
LaTeX Font Info:    Checking defaults for OMS/cmsy/m/n on input line 2.
LaTeX Font Info:    ... okay on input line 2.
LaTeX Font Info:    Checking defaults for OMX/cmex/m/n on input line 2.
LaTeX Font Info:    ... okay on input line 2.
LaTeX Font Info:    Checking defaults for U/cmr/m/n on input line 2.
LaTeX Font Info:    ... okay on input line 2.

Overfull \hbox (102.62582pt too wide) in paragraph at lines 11--16
\OT1/cmr/m/n/10 Gen-era-ciones de los Dere-chos Hu-manos", url = "file:///C:/Us
ers/Usuario/AppData/Local/Temp/5117-
 []


Overfull \hbox (4.13953pt too wide) in paragraph at lines 17--31
\OT1/cmr/m/n/10 Press",  @mis-c-na-ciones unidas, au-thor = "Na-ciones Unidas",
 ti-tle = "Declaracion
 []


Overfull \hbox (157.91771pt too wide) in paragraph at lines 17--31
\OT1/cmr/m/n/10 dere-cho desde el punto de vista matematico", url = "https://w
ww.monografias.com/trabajos91/jurismatematiologia-
 []


Overfull \hbox (19.47299pt too wide) in paragraph at lines 17--31
\OT1/cmr/m/n/10 estudio-y-tratado-del-derecho-punto-vista-matematico/jurismatem
atiologia-estudio-
 []

[1

{C:/Users/Usuario/AppData/Local/MiKTeX/2.9/pdftex/config/pdftex.map}]
("bibliografia articulo cientifico.aux") )
(\end occurred inside a group at level 1)

### simple group (level 1) entered at line 27 ({)
### bottom level 
Here is how much of TeX's memory you used:
 218 strings out of 492449
 2635 string characters out of 3124090
 62471 words of memory out of 3000000
 4665 multiletter control sequences out of 15000+200000
 3640 words of font info for 14 fonts, out of 3000000 for 9000
 1141 hyphenation exceptions out of 8191
 25i,4n,19p,252b,108s stack positions out of 5000i,500n,10000p,200000b,50000s
<C:/Users/Usuario/Desktop/MIKTEK/MITEK 2/fonts/type1/public/ams
fonts/cm/cmr10.pfb>
Output written on "bibliografia articulo cientifico.pdf" (1 page, 23875 bytes).

PDF statistics:
 10 PDF objects out of 1000 (max. 8388607)
 0 named destinations out of 1000 (max. 500000)
 1 words of extra memory for PDF output out of 10000 (max. 10000000)

